09-17 00:00:48.210 DEBUG main.py [<module>] [23] - Tornado server started on port 3344.
09-17 00:01:31.279 DEBUG main.py [<module>] [23] - Tornado server started on port 3344.
09-17 00:01:53.753 DEBUG main.py [<module>] [23] - Tornado server started on port 3344.
09-17 00:02:22.846 DEBUG main.py [<module>] [23] - Tornado server started on port 3344.
09-17 00:02:38.945 DEBUG main.py [<module>] [23] - Tornado server started on port 3344.
09-17 00:03:06.013 DEBUG main.py [<module>] [23] - Tornado server started on port 3344.
09-17 00:09:53.308 DEBUG main.py [<module>] [23] - Tornado server started on port 3344.
09-17 00:14:31.099 DEBUG main.py [<module>] [23] - Tornado server started on port 3344.
09-17 00:17:02.384 DEBUG main.py [<module>] [23] - Tornado server started on port 3344.
09-17 00:18:01.477 DEBUG main.py [<module>] [23] - Tornado server started on port 3344.
09-17 00:19:06.415 DEBUG main.py [<module>] [23] - Tornado server started on port 3344.
09-17 00:19:20.697 DEBUG qiniu.py [authentication_qiniu] [19] - authentication_qiniu <common.qiniu.auth.Auth object at 0x0000000004410C50>.
09-17 00:19:21.077 DEBUG qiniu.py [upload_file_to_qiniu] [39] - upload_file_to_qiniu{u'hash': u'Fto5o-5ea0sNMlW_75VgGJCv2AcJ', u'key': u'1505578757.txt'}exception:None, status_code:200, _ResponseInfo__response:<Response [200]>, text_body:{"hash":"Fto5o-5ea0sNMlW_75VgGJCv2AcJ","key":"1505578757.txt"}, req_id:kzMAAKzRsvvq4-QU, x_log:body;s.ph;s.put.tw;s.put.tr;s.put.tw;s.put.tr;s.ph;s.put.tw;s.put.tr;s.ph;PFDS;PFDS;PFDS:1;rdb.g/no such key;DBD/404;v4.get/Document not found;rs36_12.sel/not found;rs36_12.ups;rwro.upsc:1;mc.s/500;mc.d/404;mc.d/404;RS:2;rs.put:3;rs-upload.putFile:5;UP:7
09-17 00:21:35.564 DEBUG main.py [<module>] [23] - Tornado server started on port 3344.
09-17 00:21:54.114 DEBUG qiniu.py [authentication_qiniu] [19] - authentication_qiniu <common.qiniu.auth.Auth object at 0x0000000006D35A58>.
09-17 00:21:54.238 DEBUG qiniu.py [upload_file_to_qiniu] [39] - upload_file_to_qiniu{u'hash': u'Fto5o-5ea0sNMlW_75VgGJCv2AcJ', u'key': u'1505578912.txt'}exception:None, status_code:200, _ResponseInfo__response:<Response [200]>, text_body:{"hash":"Fto5o-5ea0sNMlW_75VgGJCv2AcJ","key":"1505578912.txt"}, req_id:omgAAD7coaQO5OQU, x_log:body;s.ph;s.put.tw;s.put.tr;s.put.tw;s.put.tr;s.ph;s.put.tw;s.put.tr;s.ph;PFDS;PFDS:2;PFDS:3;rdb.g/no such key;DBD/404;v4.get/Document not found;rs36_3.sel/not found;rs36_3.ups;rwro.upsc:2;mc.s/500;mc.d/404;mc.d/404;RS:3;rs.put:6;rs-upload.putFile:10;UP:13
09-17 00:25:24.740 DEBUG main.py [<module>] [23] - Tornado server started on port 3344.
09-17 00:37:43.006 DEBUG main.py [<module>] [23] - Tornado server started on port 3344.
09-17 00:38:31.407 DEBUG main.py [<module>] [23] - Tornado server started on port 3344.
09-17 00:40:11.838 DEBUG main.py [<module>] [23] - Tornado server started on port 3344.
09-17 00:44:27.961 DEBUG main.py [<module>] [23] - Tornado server started on port 3344.
09-17 00:47:01.720 DEBUG main.py [<module>] [23] - Tornado server started on port 3344.
09-17 00:47:45.225 DEBUG main.py [<module>] [23] - Tornado server started on port 3344.
09-17 00:49:55.482 DEBUG main.py [<module>] [23] - Tornado server started on port 3344.
09-17 00:51:15.903 DEBUG main.py [<module>] [23] - Tornado server started on port 3344.
09-17 00:56:30.173 DEBUG main.py [<module>] [23] - Tornado server started on port 3344.
09-17 00:59:24.676 DEBUG main.py [<module>] [23] - Tornado server started on port 3344.
09-17 01:00:45.860 DEBUG main.py [<module>] [23] - Tornado server started on port 3344.
09-17 01:02:05.920 DEBUG main.py [<module>] [23] - Tornado server started on port 3344.
09-17 01:03:10.054 DEBUG main.py [<module>] [23] - Tornado server started on port 3344.
09-17 01:03:48.019 DEBUG qiniu.py [authentication_qiniu] [19] - authentication_qiniu <common.qiniu.auth.Auth object at 0x0000000005BBF5F8>.
09-17 01:03:51.940 DEBUG qiniu.py [upload_file_to_qiniu] [39] - upload_file_to_qiniu{u'hash': u'Fvv2jnwPD04N0uR2pNRoiZQq-Xqi', u'key': u'1505581427.pdf'}exception:None, status_code:200, _ResponseInfo__response:<Response [200]>, text_body:{"hash":"Fvv2jnwPD04N0uR2pNRoiZQq-Xqi","key":"1505581427.pdf"}, req_id:TmcAAEflq9RY5uQU, x_log:body:60;s.ph;s.put.tw:3;s.put.tr:26;s.put.tw:4;s.put.tr:26;s.ph;s.put.tw:5;s.put.tr:26;s.ph;PFDS:34;PFDS:35;PFDS:36;rdb.g/no such key;DBD/404;v4.get:2/Document not found;rs36_4.sel/not found;rs36_4.ups;rwro.upsc:3;mc.s/500;mc.d/404;mc.d/404;RS:4;rs.put:5;rs-upload.putFile:43;UP:107
09-17 01:04:18.464 DEBUG main.py [<module>] [23] - Tornado server started on port 3344.
09-17 01:04:21.494 DEBUG qiniu.py [authentication_qiniu] [19] - authentication_qiniu <common.qiniu.auth.Auth object at 0x0000000005890668>.
09-17 01:04:30.063 DEBUG main.py [<module>] [23] - Tornado server started on port 3344.
09-17 01:04:56.184 DEBUG qiniu.py [authentication_qiniu] [19] - authentication_qiniu <common.qiniu.auth.Auth object at 0x00000000074CFA90>.
09-17 01:04:59.754 DEBUG qiniu.py [upload_file_to_qiniu] [39] - upload_file_to_qiniu{u'hash': u'Fvv2jnwPD04N0uR2pNRoiZQq-Xqi', u'key': u'1505581496.pdf'}exception:None, status_code:200, _ResponseInfo__response:<Response [200]>, text_body:{"hash":"Fvv2jnwPD04N0uR2pNRoiZQq-Xqi","key":"1505581496.pdf"}, req_id:PUkAAOEf7ZVo5uQU, x_log:body:64;s.ph;s.put.tw:3;s.put.tr:137;s.put.tw:3;s.put.tr:138;s.ph;PFDS:144;PFDS:144;rdb.g/no such key;DBD/404;v4.get/Document not found;rs36_4.sel/not found;rs36_4.ups;rwro.upsc:1;mc.s/500;mc.d/404;mc.d/404;RS:3;rs.put:4;rs-upload.putFile:154;UP:224
09-17 01:05:45.281 DEBUG main.py [<module>] [23] - Tornado server started on port 3344.
09-17 01:05:50.896 DEBUG qiniu.py [authentication_qiniu] [19] - authentication_qiniu <common.qiniu.auth.Auth object at 0x000000000587C978>.
09-17 01:05:54.237 DEBUG qiniu.py [upload_file_to_qiniu] [39] - upload_file_to_qiniu{u'hash': u'Fvv2jnwPD04N0uR2pNRoiZQq-Xqi', u'key': u'1505581550.pdf'}exception:None, status_code:200, _ResponseInfo__response:<Response [200]>, text_body:{"hash":"Fvv2jnwPD04N0uR2pNRoiZQq-Xqi","key":"1505581550.pdf"}, req_id:aG0AAMe0OFF15uQU, x_log:body:22;s.ph;s.put.tw:3;s.put.tr:19;s.put.tw:2;s.put.tr:22;s.ph;s.put.tw:3;s.put.tr:13;s.ph;PFDS:19;PFDS:31;PFDS:32;rdb.g/no such key;DBD/404;v4.get/Document not found;rs36_13.sel/not found;rs36_13.ups;rwro.upsc;mc.s/500;mc.d/404;mc.d/404;RS:2;rs.put:2;rs-upload.putFile:36;UP:62
09-17 01:06:17.101 DEBUG main.py [<module>] [23] - Tornado server started on port 3344.
09-17 01:06:28.419 DEBUG main.py [<module>] [23] - Tornado server started on port 3344.
09-17 01:06:39.597 DEBUG main.py [<module>] [23] - Tornado server started on port 3344.
09-17 01:06:43.319 DEBUG qiniu.py [authentication_qiniu] [19] - authentication_qiniu <common.qiniu.auth.Auth object at 0x000000000582D978>.
09-17 01:06:46.786 DEBUG qiniu.py [upload_file_to_qiniu] [39] - upload_file_to_qiniu{u'hash': u'Fvv2jnwPD04N0uR2pNRoiZQq-Xqi', u'key': u'1505581603.pdf'}exception:None, status_code:200, _ResponseInfo__response:<Response [200]>, text_body:{"hash":"Fvv2jnwPD04N0uR2pNRoiZQq-Xqi","key":"1505581603.pdf"}, req_id:_RAAAD-wOoyB5uQU, x_log:body:24;s.ph;s.put.tw:5;s.put.tr:39;s.put.tw:1;s.put.tr:45;s.ph;PFDS:47;PFDS:48;rdb.g/no such key;DBD/404;v4.get/Document not found;rs36_4.sel/not found;rs36_4.ups;rwro.upsc:1;mc.s/500;mc.d/404;mc.d/404;RS:3;rs.put:3;rs-upload.putFile:52;UP:80
09-17 01:06:55.760 DEBUG qiniu.py [authentication_qiniu] [19] - authentication_qiniu <common.qiniu.auth.Auth object at 0x0000000005A20940>.
09-17 01:06:55.823 DEBUG qiniu.py [upload_file_to_qiniu] [39] - upload_file_to_qiniu{u'hash': u'Fto5o-5ea0sNMlW_75VgGJCv2AcJ', u'key': u'1505581615.txt'}exception:None, status_code:200, _ResponseInfo__response:<Response [200]>, text_body:{"hash":"Fto5o-5ea0sNMlW_75VgGJCv2AcJ","key":"1505581615.txt"}, req_id:Ty8AAA3MNqqD5uQU, x_log:body;s.ph;s.put.tw;s.put.tr;s.put.tw;s.put.tr;s.ph;s.put.tw;s.put.tr;s.ph;PFDS;PFDS:1;PFDS:3;rdb.g/no such key;DBD/404;v4.get/Document not found;rs36_3.sel/not found;rs36_3.ups;rwro.upsc:1;mc.s/500;mc.d/404;mc.d/404;RS:2;rs.put:3;rs-upload.putFile:7;UP:8
09-17 01:07:02.769 DEBUG qiniu.py [authentication_qiniu] [19] - authentication_qiniu <common.qiniu.auth.Auth object at 0x0000000005A8B160>.
09-17 01:07:02.851 DEBUG qiniu.py [upload_file_to_qiniu] [39] - upload_file_to_qiniu{u'hash': u'Fps47SyDw9s4eOMxlFUkdxQ588vW', u'key': u'1505581622.txt'}exception:None, status_code:200, _ResponseInfo__response:<Response [200]>, text_body:{"hash":"Fps47SyDw9s4eOMxlFUkdxQ588vW","key":"1505581622.txt"}, req_id:0k0AAMHTBE2F5uQU, x_log:body;s.ph;s.put.tw;s.put.tr;s.put.tw;s.put.tr;s.ph;s.put.tw;s.put.tr;s.ph;PFDS;PFDS:9;PFDS:10;rdb.g/no such key;DBD/404;v4.get/Document not found;rs36_3.sel/not found;rs36_3.ups;rwro.upsc:1;mc.s/500;mc.d/404;mc.d:7/404;RS:11;rs.put:14;rs-upload.putFile:26;UP:30
09-17 01:47:41.216 DEBUG main.py [<module>] [23] - Tornado server started on port 3344.
09-17 01:48:17.834 DEBUG main.py [<module>] [23] - Tornado server started on port 3344.
09-17 01:48:21.449 DEBUG qiniu.py [authentication_qiniu] [21] - authentication_qiniu <common.qiniu.auth.Auth object at 0x0000000005688C18>.
09-17 01:48:21.674 DEBUG qiniu.py [get_file_on_qiniu] [54] - get_file_on_qiniu200http://ovsf3r7sm.bkt.clouddn.com/1505581615.txt?e=1505587701&token=Pn_iwLLyDJWqohfT0fF1YlIjfD9u-L1SP76LyCpT:5TLXQGhugdwDi1Vb_knvrak51dI=
09-17 01:49:02.739 DEBUG main.py [<module>] [23] - Tornado server started on port 3344.
09-17 01:49:05.280 DEBUG qiniu.py [authentication_qiniu] [21] - authentication_qiniu <common.qiniu.auth.Auth object at 0x00000000056A00F0>.
09-17 01:49:05.431 DEBUG qiniu.py [get_file_on_qiniu] [54] - get_file_on_qiniu200http://ovsf3r7sm.bkt.clouddn.com/1505581615.txt?e=1505587745&token=Pn_iwLLyDJWqohfT0fF1YlIjfD9u-L1SP76LyCpT:Bt_um11KFN0MSbc6PU80K4kln4I=
09-17 01:49:31.777 DEBUG main.py [<module>] [23] - Tornado server started on port 3344.
09-17 01:49:36.925 DEBUG qiniu.py [authentication_qiniu] [21] - authentication_qiniu <common.qiniu.auth.Auth object at 0x00000000057D60F0>.
09-17 01:49:37.068 DEBUG qiniu.py [get_file_on_qiniu] [54] - get_file_on_qiniu200http://ovsf3r7sm.bkt.clouddn.com/1505581615.txt?e=1505587776&token=Pn_iwLLyDJWqohfT0fF1YlIjfD9u-L1SP76LyCpT:fwHthGCuVy2capoYy_D2ZVd4BKs=
09-17 01:50:19.542 DEBUG main.py [<module>] [23] - Tornado server started on port 3344.
09-17 01:50:24.155 DEBUG qiniu.py [authentication_qiniu] [21] - authentication_qiniu <common.qiniu.auth.Auth object at 0x00000000052EAF60>.
09-17 01:50:24.301 DEBUG qiniu.py [get_file_on_qiniu] [54] - get_file_on_qiniu200http://ovsf3r7sm.bkt.clouddn.com/1505581622.txt?e=1505587824&token=Pn_iwLLyDJWqohfT0fF1YlIjfD9u-L1SP76LyCpT:fjK15sg0BrD4c4iFc2bs0nTOTTg=
09-17 01:51:41.832 DEBUG main.py [<module>] [23] - Tornado server started on port 3344.
09-17 01:51:45.383 DEBUG qiniu.py [authentication_qiniu] [21] - authentication_qiniu <common.qiniu.auth.Auth object at 0x00000000056490F0>.
09-17 01:51:45.536 DEBUG qiniu.py [get_file_on_qiniu] [54] - get_file_on_qiniu200http://ovsf3r7sm.bkt.clouddn.com/1505581622.txt?e=1505587905&token=Pn_iwLLyDJWqohfT0fF1YlIjfD9u-L1SP76LyCpT:oCCmSSAabfQBB6OpEzX-zOCZ2rY=
09-17 02:06:51.796 DEBUG main.py [<module>] [23] - Tornado server started on port 3344.
09-17 02:06:58.735 DEBUG qiniu.py [authentication_qiniu] [21] - authentication_qiniu <common.qiniu.auth.Auth object at 0x0000000005890D30>.
09-17 02:06:59.020 DEBUG qiniu.py [get_file_on_qiniu] [54] - get_file_on_qiniu200http://ovsf3r7sm.bkt.clouddn.com/1505581622.txt?e=1505588818&token=Pn_iwLLyDJWqohfT0fF1YlIjfD9u-L1SP76LyCpT:7jiIW1t5q1GjA3qQ0iYxiNMogoY=
09-17 02:08:22.940 DEBUG main.py [<module>] [23] - Tornado server started on port 3344.
09-17 02:08:37.066 DEBUG qiniu.py [authentication_qiniu] [21] - authentication_qiniu <common.qiniu.auth.Auth object at 0x00000000056FD978>.
09-17 02:08:37.231 DEBUG qiniu.py [get_file_on_qiniu] [54] - get_file_on_qiniu200http://ovsf3r7sm.bkt.clouddn.com/1505581622.txt?e=1505588917&token=Pn_iwLLyDJWqohfT0fF1YlIjfD9u-L1SP76LyCpT:stNv25-gS8u490xOfyfLC9ikbcA=
09-17 02:09:20.947 DEBUG main.py [<module>] [23] - Tornado server started on port 3344.
09-17 02:09:30.179 DEBUG qiniu.py [authentication_qiniu] [21] - authentication_qiniu <common.qiniu.auth.Auth object at 0x0000000005892F60>.
09-17 02:09:30.325 DEBUG qiniu.py [get_file_on_qiniu] [54] - get_file_on_qiniu200http://ovsf3r7sm.bkt.clouddn.com/1505581622.txt?e=1505588970&token=Pn_iwLLyDJWqohfT0fF1YlIjfD9u-L1SP76LyCpT:9KoDxRg3u-LnY3DFlsNsL1zm9eM=
09-17 02:09:32.653 DEBUG send_mail.py [email_att] [67] - 附件邮件发送成功1572402228@qq.comKindle15电子书推送[u'kinlde15\u63a8\u9001', u'push@kindle15.com']
09-17 02:10:06.319 DEBUG main.py [<module>] [23] - Tornado server started on port 3344.
09-17 02:10:31.151 DEBUG qiniu.py [authentication_qiniu] [21] - authentication_qiniu <common.qiniu.auth.Auth object at 0x0000000006EDAA20>.
09-17 02:10:31.309 DEBUG qiniu.py [get_file_on_qiniu] [54] - get_file_on_qiniu200http://ovsf3r7sm.bkt.clouddn.com/1505581615.txt?e=1505589031&token=Pn_iwLLyDJWqohfT0fF1YlIjfD9u-L1SP76LyCpT:TDPpo7iGcH8jd1YXJtSHOvxxRbc=
09-17 02:10:44.330 DEBUG send_mail.py [email_att] [67] - 附件邮件发送成功1572402228@qq.comKindle15电子书推送[u'kinlde15\u63a8\u9001', u'push@kindle15.com']
09-17 02:11:56.130 DEBUG main.py [<module>] [23] - Tornado server started on port 3344.
09-17 02:12:08.982 DEBUG qiniu.py [authentication_qiniu] [21] - authentication_qiniu <common.qiniu.auth.Auth object at 0x000000000435BEF0>.
09-17 02:12:11.208 DEBUG qiniu.py [get_file_on_qiniu] [54] - get_file_on_qiniu200http://ovsf3r7sm.bkt.clouddn.com/1505581603.pdf?e=1505589128&token=Pn_iwLLyDJWqohfT0fF1YlIjfD9u-L1SP76LyCpT:Qai3lVjGXUnBhV4uub5sXVYD1-o=
09-17 02:12:21.753 DEBUG send_mail.py [email_att] [67] - 附件邮件发送成功1572402228@qq.comKindle15电子书推送[u'kinlde15\u63a8\u9001', u'push@kindle15.com']
09-17 02:18:10.629 DEBUG main.py [<module>] [23] - Tornado server started on port 3344.
09-17 02:18:23.656 DEBUG qiniu.py [authentication_qiniu] [21] - authentication_qiniu <common.qiniu.auth.Auth object at 0x00000000055E7F98>.
09-17 02:18:25.931 DEBUG qiniu.py [get_file_on_qiniu] [54] - get_file_on_qiniu200http://ovsf3r7sm.bkt.clouddn.com/1505581603.pdf?e=1505589503&token=Pn_iwLLyDJWqohfT0fF1YlIjfD9u-L1SP76LyCpT:7LP6PQjltPmMYg8yXcXYRWsF6zM=
09-17 02:20:49.272 DEBUG main.py [<module>] [23] - Tornado server started on port 3344.
09-17 02:20:51.904 DEBUG qiniu.py [authentication_qiniu] [21] - authentication_qiniu <common.qiniu.auth.Auth object at 0x000000000548E8D0>.
09-17 02:20:54.711 DEBUG qiniu.py [get_file_on_qiniu] [54] - get_file_on_qiniu200http://ovsf3r7sm.bkt.clouddn.com/1505581603.pdf?e=1505589651&token=Pn_iwLLyDJWqohfT0fF1YlIjfD9u-L1SP76LyCpT:JRctEP4kf2kdcwxZqwL-rlhx5HQ=
09-17 02:21:00.141 DEBUG send_mail.py [email_att] [67] - 附件邮件发送成功1572402228@qq.comKindle15电子书推送[u'kinlde15\u63a8\u9001', u'push@kindle15.com']
09-17 02:21:08.497 DEBUG qiniu.py [authentication_qiniu] [21] - authentication_qiniu <common.qiniu.auth.Auth object at 0x0000000005903358>.
09-17 02:21:10.610 DEBUG qiniu.py [get_file_on_qiniu] [54] - get_file_on_qiniu200http://ovsf3r7sm.bkt.clouddn.com/1505581603.pdf?e=1505589668&token=Pn_iwLLyDJWqohfT0fF1YlIjfD9u-L1SP76LyCpT:rqRkEq-DtTHPUWVw-_WzJpH_vvc=
09-17 02:21:34.412 DEBUG qiniu.py [authentication_qiniu] [21] - authentication_qiniu <common.qiniu.auth.Auth object at 0x0000000005332F98>.
09-17 02:21:34.554 DEBUG qiniu.py [get_file_on_qiniu] [54] - get_file_on_qiniu200http://ovsf3r7sm.bkt.clouddn.com/1505581615.txt?e=1505589694&token=Pn_iwLLyDJWqohfT0fF1YlIjfD9u-L1SP76LyCpT:dNJGQLybNJuJ5wZJceB-4mBBpGE=
09-17 02:25:03.246 DEBUG main.py [<module>] [23] - Tornado server started on port 3344.
09-17 02:25:11.934 DEBUG qiniu.py [authentication_qiniu] [21] - authentication_qiniu <common.qiniu.auth.Auth object at 0x0000000005702D68>.
09-17 02:25:15.330 DEBUG qiniu.py [get_file_on_qiniu] [54] - get_file_on_qiniu200http://ovsf3r7sm.bkt.clouddn.com/1505581603.pdf?e=1505589911&token=Pn_iwLLyDJWqohfT0fF1YlIjfD9u-L1SP76LyCpT:YoSM5CU7WN7EyEOSe8FazzBbmkQ=
09-17 02:26:25.256 DEBUG main.py [<module>] [23] - Tornado server started on port 3344.
09-17 02:26:38.884 DEBUG qiniu.py [authentication_qiniu] [21] - authentication_qiniu <common.qiniu.auth.Auth object at 0x0000000005643CC0>.
09-17 02:26:41.973 DEBUG qiniu.py [get_file_on_qiniu] [54] - get_file_on_qiniu200http://ovsf3r7sm.bkt.clouddn.com/1505581603.pdf?e=1505589998&token=Pn_iwLLyDJWqohfT0fF1YlIjfD9u-L1SP76LyCpT:-_AJKyDBAUN8c8QID_AY82MsJFA=
09-17 02:27:25.066 DEBUG main.py [<module>] [23] - Tornado server started on port 3344.
09-17 02:27:55.751 DEBUG main.py [<module>] [23] - Tornado server started on port 3344.
09-17 02:28:31.396 DEBUG main.py [<module>] [23] - Tornado server started on port 3344.
09-17 02:29:05.076 DEBUG main.py [<module>] [23] - Tornado server started on port 3344.
09-17 02:29:16.348 DEBUG qiniu.py [authentication_qiniu] [21] - authentication_qiniu <common.qiniu.auth.Auth object at 0x0000000006CDD748>.
09-17 02:29:18.495 DEBUG qiniu.py [get_file_on_qiniu] [54] - get_file_on_qiniu200http://ovsf3r7sm.bkt.clouddn.com/1505581603.pdf?e=1505590156&token=Pn_iwLLyDJWqohfT0fF1YlIjfD9u-L1SP76LyCpT:ePTCY4Dn49mj9R9WL5IW4Mi2D6E=
09-17 02:34:13.370 DEBUG main.py [<module>] [23] - Tornado server started on port 3344.
09-17 02:34:31.240 DEBUG qiniu.py [authentication_qiniu] [21] - authentication_qiniu <common.qiniu.auth.Auth object at 0x0000000006D1B710>.
09-17 02:34:34.635 DEBUG qiniu.py [get_file_on_qiniu] [54] - get_file_on_qiniu200http://ovsf3r7sm.bkt.clouddn.com/1505581603.pdf?e=1505590471&token=Pn_iwLLyDJWqohfT0fF1YlIjfD9u-L1SP76LyCpT:9k4Q0B12KrNOXpIamKmmu3iPyEw=
09-17 02:35:23.988 DEBUG main.py [<module>] [23] - Tornado server started on port 3344.
09-17 02:35:29.618 DEBUG qiniu.py [authentication_qiniu] [21] - authentication_qiniu <common.qiniu.auth.Auth object at 0x0000000005B0E908>.
09-17 02:35:32.480 DEBUG qiniu.py [get_file_on_qiniu] [54] - get_file_on_qiniu200http://ovsf3r7sm.bkt.clouddn.com/1505581603.pdf?e=1505590529&token=Pn_iwLLyDJWqohfT0fF1YlIjfD9u-L1SP76LyCpT:5zThEuJYQOOeGwIBnklglpga2o0=
09-17 02:35:37.788 DEBUG send_mail.py [email_att] [67] - 附件邮件发送成功1572402228@qq.comKindle15电子书推送[u'kinlde15\u63a8\u9001', u'push@kindle15.com']
09-17 02:35:37.803 DEBUG qiniu.py [authentication_qiniu] [21] - authentication_qiniu <common.qiniu.auth.Auth object at 0x0000000005C106A0>.
09-17 02:35:37.938 DEBUG qiniu.py [get_file_on_qiniu] [54] - get_file_on_qiniu200http://ovsf3r7sm.bkt.clouddn.com/1505581615.txt?e=1505590537&token=Pn_iwLLyDJWqohfT0fF1YlIjfD9u-L1SP76LyCpT:vA-GSYA2vEf4Tj2u82fZjlRfE_o=
09-17 02:35:38.918 DEBUG send_mail.py [email_att] [67] - 附件邮件发送成功1572402228@qq.comKindle15电子书推送[u'kinlde15\u63a8\u9001', u'push@kindle15.com']
09-17 02:35:38.927 DEBUG qiniu.py [authentication_qiniu] [21] - authentication_qiniu <common.qiniu.auth.Auth object at 0x0000000005C10FD0>.
09-17 02:35:39.078 DEBUG qiniu.py [get_file_on_qiniu] [54] - get_file_on_qiniu200http://ovsf3r7sm.bkt.clouddn.com/1505581622.txt?e=1505590538&token=Pn_iwLLyDJWqohfT0fF1YlIjfD9u-L1SP76LyCpT:KXRs7L4L_STus3guXYxwwfyinhk=
09-17 02:35:40.122 DEBUG send_mail.py [email_att] [67] - 附件邮件发送成功1572402228@qq.comKindle15电子书推送[u'kinlde15\u63a8\u9001', u'push@kindle15.com']
